<?xml version="1.0" encoding="UTF-8"?>
<!-- Generated by org.testng.reporters.JUnitXMLReporter -->
<testsuite hostname="DESKTOP-BANMRF7" ignored="0" name="Test" tests="2" failures="1" timestamp="03 May 2022 06:14:49 GMT" time="7.406" errors="0">
  <testcase name="tc01" time="1.422" classname="org.testnghotel.Adactin"/>
  <testcase name="searchPage" time="0.002" classname="org.testnghotel.SearchHotelss">
    <failure type="java.lang.Error" message="Unresolved compilation problems: 
	Syntax error on token &amp;quot;gpackage&amp;quot;, package expected
	The declared package &amp;quot;&amp;quot; does not match the expected package &amp;quot;org.hotel&amp;quot;
">
      <![CDATA[java.lang.Error: Unresolved compilation problems: 
Syntax error on token "gpackage", package expected
The declared package "" does not match the expected package "org.hotel"

at org.hotel.SearchHotelPage.<init>(SearchHotelPage.java:1)
... Removed 26 stack frames]]>
    </failure>
  </testcase> <!-- searchPage -->
</testsuite> <!-- Test -->
