<?xml version="1.0" encoding="UTF-8"?>
<!-- Generated by org.testng.reporters.JUnitXMLReporter -->
<testsuite hostname="DESKTOP-BANMRF7" ignored="0" name="Test3" tests="9" failures="0" timestamp="11 Jul 2022 10:22:42 GMT" time="148.662" errors="0">
  <testcase name="page1" time="7.549" classname="org.rerun.Sample"/>
  <testcase name="page2" time="8.362" classname="org.rerun.Sample"/>
  <testcase name="page3" time="13.12" classname="org.rerun.Sample"/>
  <testcase name="page1" time="17.177" classname="org.rerun.Sample2"/>
  <testcase name="page2" time="15.81" classname="org.rerun.Sample2"/>
  <testcase name="page3" time="23.351" classname="org.rerun.Sample2"/>
  <testcase name="page1" time="21.928" classname="org.rerun.Sample3"/>
  <testcase name="page2" time="17.477" classname="org.rerun.Sample3"/>
  <testcase name="page3" time="23.846" classname="org.rerun.Sample3"/>
</testsuite> <!-- Test3 -->
