<?xml version="1.0" encoding="UTF-8"?>
<!-- Generated by org.testng.reporters.JUnitXMLReporter -->
<testsuite hostname="DESKTOP-BANMRF7" ignored="0" name="Test2" tests="9" failures="0" timestamp="11 Jul 2022 10:22:41 GMT" time="147.813" errors="0">
  <testcase name="page1" time="7.529" classname="org.rerun.Sample"/>
  <testcase name="page2" time="8.105" classname="org.rerun.Sample"/>
  <testcase name="page3" time="12.804" classname="org.rerun.Sample"/>
  <testcase name="page1" time="16.153" classname="org.rerun.Sample2"/>
  <testcase name="page2" time="14.043" classname="org.rerun.Sample2"/>
  <testcase name="page3" time="22.648" classname="org.rerun.Sample2"/>
  <testcase name="page1" time="20.579" classname="org.rerun.Sample3"/>
  <testcase name="page2" time="21.036" classname="org.rerun.Sample3"/>
  <testcase name="page3" time="24.869" classname="org.rerun.Sample3"/>
</testsuite> <!-- Test2 -->
