<?xml version="1.0" encoding="UTF-8"?>
<!-- Generated by org.testng.reporters.JUnitXMLReporter -->
<testsuite hostname="DESKTOP-BANMRF7" ignored="0" name="Test" tests="9" failures="0" timestamp="11 Jul 2022 10:22:45 GMT" time="150.732" errors="0">
  <testcase name="page1" time="7.494" classname="org.rerun.Sample"/>
  <testcase name="page2" time="7.761" classname="org.rerun.Sample"/>
  <testcase name="page3" time="14.247" classname="org.rerun.Sample"/>
  <testcase name="page1" time="16.577" classname="org.rerun.Sample2"/>
  <testcase name="page2" time="15.972" classname="org.rerun.Sample2"/>
  <testcase name="page3" time="23.118" classname="org.rerun.Sample2"/>
  <testcase name="page1" time="23.018" classname="org.rerun.Sample3"/>
  <testcase name="page2" time="17.948" classname="org.rerun.Sample3"/>
  <testcase name="page3" time="24.546" classname="org.rerun.Sample3"/>
</testsuite> <!-- Test -->
