<?xml version="1.0" encoding="UTF-8"?>
<!-- Generated by org.testng.reporters.JUnitXMLReporter -->
<testsuite hostname="DESKTOP-BANMRF7" ignored="6" name="Test(failed)" tests="1" failures="1" timestamp="24 Apr 2022 06:01:38 GMT" time="0.073" errors="0">
  <testcase name="tc04" time="0.018" classname="org.testngg.Implement">
    <failure type="java.lang.AssertionError" message="expected [true] but found [false]">
      <![CDATA[java.lang.AssertionError: expected [true] but found [false]
... Removed 30 stack frames]]>
    </failure>
  </testcase> <!-- tc04 -->
  <testcase name="tc06" time="0.0" classname="org.testngg.Implement">
    <ignored/>
  </testcase> <!-- tc06 -->
  <testcase name="tc07" time="0.0" classname="org.testngg.Implement">
    <ignored/>
  </testcase> <!-- tc07 -->
  <testcase name="tc02" time="0.0" classname="org.testngg.Implement">
    <ignored/>
  </testcase> <!-- tc02 -->
  <testcase name="tc03" time="0.0" classname="org.testngg.Implement">
    <ignored/>
  </testcase> <!-- tc03 -->
  <testcase name="tc05" time="0.0" classname="org.testngg.Implement">
    <ignored/>
  </testcase> <!-- tc05 -->
  <testcase name="tc01" time="0.0" classname="org.testngg.Implement">
    <ignored/>
  </testcase> <!-- tc01 -->
</testsuite> <!-- Test(failed) -->
